<?xml version="1.0" encoding="UTF-8"?>
<!-- Generated by org.testng.reporters.JUnitXMLReporter -->
<testsuite hostname="apzz0928-PC" tests="31" failures="0" timestamp="27 Sep 2017 09:47:08 GMT" time="273.131" errors="0">
  <testcase name="Login" time="4.274" classname="authMng_Selenide"/>
  <testcase name="authorityMenu_groupOrder" time="5.018" classname="authMng_Selenide"/>
  <testcase name="authorityMenu_keywordSearch" time="0.824" classname="authMng_Selenide"/>
  <testcase name="authorityMenu_detailMenu_add" time="3.146" classname="authMng_Selenide"/>
  <testcase name="authorityMenu_detailMenu_menuOrder" time="3.61" classname="authMng_Selenide"/>
  <testcase name="authorityMenu_detailMenu_edit" time="2.841" classname="authMng_Selenide"/>
  <testcase name="authorityMenu_detailMenu_del" time="1.751" classname="authMng_Selenide"/>
  <testcase name="authorityGroupMng_Menu" time="8.255" classname="authMng_Selenide"/>
  <testcase name="authorityGroupMng_Member" time="4.544" classname="authMng_Selenide"/>
  <testcase name="groupListByAdmin" time="2.936" classname="authMng_Selenide"/>
  <testcase name="ctActionLog" time="26.89" classname="authMng_Selenide"/>
  <testcase name="ctMember_addMember_add" time="3.397" classname="authMng_Selenide"/>
  <testcase name="ctMember_addMember_edit" time="2.653" classname="authMng_Selenide"/>
  <testcase name="ctMember_addMember_resetPW_del" time="3.903" classname="authMng_Selenide"/>
  <testcase name="Login" time="3.799" classname="gameAccountMng_Selenide"/>
  <testcase name="accountSearch" time="7.367" classname="gameAccountMng_Selenide"/>
  <testcase name="accountBlock" time="40.635" classname="gameAccountMng_Selenide"/>
  <testcase name="Login" time="4.299" classname="gameMng_Selenide"/>
  <testcase name="systemMessage" time="16.754" classname="gameMng_Selenide"/>
  <testcase name="ingameNotice_add" time="6.472" classname="gameMng_Selenide"/>
  <testcase name="ingameNotice_statusChange" time="8.95" classname="gameMng_Selenide"/>
  <testcase name="semdMail" time="7.641" classname="gameMng_Selenide"/>
  <testcase name="kickUser" time="3.475" classname="gameMng_Selenide"/>
  <testcase name="mailout" time="2.869" classname="gameMng_Selenide"/>
  <testcase name="burningEvent" time="10.577" classname="gameMng_Selenide"/>
  <testcase name="serverStatus" time="12.356" classname="gameMng_Selenide"/>
  <testcase name="limitDrop" time="11.257" classname="gameMng_Selenide"/>
  <testcase name="ingameGuide" time="10.163" classname="gameMng_Selenide"/>
  <testcase name="onlineUser" time="1.936" classname="gameMng_Selenide"/>
  <testcase name="slangWord" time="21.499" classname="gameMng_Selenide"/>
  <testcase name="pvpSchedule" time="13.78" classname="gameMng_Selenide"/>
</testsuite>
