<?xml version="1.0" encoding="UTF-8"?>
<!-- Generated by org.testng.reporters.JUnitXMLReporter -->
<testsuite hostname="apzz0928-PC" tests="1" failures="1" timestamp="17 Oct 2017 07:34:06 GMT" time="10.345" errors="0">
  <testcase name="alertSample" time="6.1" classname="test_Selenide">
    <failure type="com.codeborne.selenide.ex.DialogTextMismatch" message="
Actual: 
Expected: 비밀번호를 입력해주세요.">
      <![CDATA[DialogTextMismatch 
Actual: 
Expected: 비밀번호를 입력해주세요.
Screenshot: null
Timeout: 0 ms.
	at com.codeborne.selenide.Selenide.checkDialogText(Selenide.java:602)
	at com.codeborne.selenide.Selenide.confirm(Selenide.java:526)
	at test_Selenide.alertSample(test_Selenide.java:88)
... Removed 27 stack frames]]>
    </failure>
  </testcase> <!-- alertSample -->
</testsuite>
