<?xml version="1.0" encoding="UTF-8"?>
<testng-results skipped="0" failed="0" total="2" passed="2">
  <reporter-output>
  </reporter-output>
  <suite name="Suite" duration-ms="108349" started-at="2017-10-24T09:20:12Z" finished-at="2017-10-24T09:22:00Z">
    <groups>
    </groups>
    <test name="internetExplorer Test" duration-ms="108349" started-at="2017-10-24T09:20:12Z" finished-at="2017-10-24T09:22:00Z">
      <class name="test_herowarz">
        <test-method status="PASS" signature="beforeTest(java.lang.String)[pri:0, instance:test_herowarz@69d9c55]" name="beforeTest" is-config="true" duration-ms="9719" started-at="2017-10-24T18:20:12Z" finished-at="2017-10-24T18:20:21Z">
          <params>
            <param index="0">
              <value>
                <![CDATA[internetExplorer]]>
              </value>
            </param>
          </params>
          <reporter-output>
          </reporter-output>
        </test-method> <!-- beforeTest -->
        <test-method status="PASS" signature="login()[pri:0, instance:test_herowarz@69d9c55]" name="login" duration-ms="16524" started-at="2017-10-24T18:20:21Z" finished-at="2017-10-24T18:20:38Z">
          <reporter-output>
          </reporter-output>
        </test-method> <!-- login -->
        <test-method status="PASS" signature="community()[pri:3, instance:test_herowarz@69d9c55]" name="community" duration-ms="80906" started-at="2017-10-24T18:20:38Z" finished-at="2017-10-24T18:21:59Z">
          <reporter-output>
          </reporter-output>
        </test-method> <!-- community -->
        <test-method status="PASS" signature="afterTest()[pri:0, instance:test_herowarz@69d9c55]" name="afterTest" is-config="true" duration-ms="1193" started-at="2017-10-24T18:21:59Z" finished-at="2017-10-24T18:22:00Z">
          <reporter-output>
          </reporter-output>
        </test-method> <!-- afterTest -->
      </class> <!-- test_herowarz -->
    </test> <!-- internetExplorer Test -->
  </suite> <!-- Suite -->
</testng-results>
